c:\users\user\source\repos\2semc++\2semc-\lab_2\x64\debug\vc143.pdb
c:\users\user\source\repos\2semc++\2semc-\lab_2\x64\debug\vc143.idb
c:\users\user\source\repos\2semc++\2semc-\lab_2\x64\debug\main.obj
c:\users\user\source\repos\2semc++\2semc-\lab_2\x64\debug\functions.obj
c:\users\user\source\repos\2semc++\2semc-\lab_2\x64\debug\source.obj
c:\users\user\source\repos\2semc++\2semc-\lab_2\x64\debug\lab_2.pdb
c:\users\user\source\repos\2semc++\2semc-\lab_2\x64\debug\lab_2.tlog\cl.command.1.tlog
c:\users\user\source\repos\2semc++\2semc-\lab_2\x64\debug\lab_2.tlog\cl.read.1.tlog
c:\users\user\source\repos\2semc++\2semc-\lab_2\x64\debug\lab_2.tlog\cl.write.1.tlog
c:\users\user\source\repos\2semc++\2semc-\lab_2\x64\debug\lab_2.tlog\link-cvtres.read.1.tlog
c:\users\user\source\repos\2semc++\2semc-\lab_2\x64\debug\lab_2.tlog\link-cvtres.write.1.tlog
c:\users\user\source\repos\2semc++\2semc-\lab_2\x64\debug\lab_2.tlog\link-rc.read.1.tlog
c:\users\user\source\repos\2semc++\2semc-\lab_2\x64\debug\lab_2.tlog\link-rc.write.1.tlog
c:\users\user\source\repos\2semc++\2semc-\lab_2\x64\debug\lab_2.tlog\link.8620-cvtres.read.1.tlog
c:\users\user\source\repos\2semc++\2semc-\lab_2\x64\debug\lab_2.tlog\link.8620-cvtres.write.1.tlog
c:\users\user\source\repos\2semc++\2semc-\lab_2\x64\debug\lab_2.tlog\link.8620-rc.read.1.tlog
c:\users\user\source\repos\2semc++\2semc-\lab_2\x64\debug\lab_2.tlog\link.8620-rc.write.1.tlog
c:\users\user\source\repos\2semc++\2semc-\lab_2\x64\debug\lab_2.tlog\link.8620.read.1.tlog
c:\users\user\source\repos\2semc++\2semc-\lab_2\x64\debug\lab_2.tlog\link.8620.read.2.tlog
c:\users\user\source\repos\2semc++\2semc-\lab_2\x64\debug\lab_2.tlog\link.8620.write.1.tlog
c:\users\user\source\repos\2semc++\2semc-\lab_2\x64\debug\lab_2.tlog\link.command.1.tlog
c:\users\user\source\repos\2semc++\2semc-\lab_2\x64\debug\lab_2.tlog\link.read.1.tlog
c:\users\user\source\repos\2semc++\2semc-\lab_2\x64\debug\lab_2.tlog\link.read.2.tlog
c:\users\user\source\repos\2semc++\2semc-\lab_2\x64\debug\lab_2.tlog\link.write.1.tlog
